<?xml version="1.0" encoding="UTF-8"?>
<!-- Generated by org.testng.reporters.JUnitXMLReporter -->
<testsuite ignored="0" hostname="DESKTOP-V5SJ46P" failures="0" tests="1" name="Test" time="0.09" errors="0" timestamp="2023-07-29T22:41:46 EDT">
  <testcase classname="org.testing.Base.Base" name="@BeforeMethod InvokeBrowser" time="-1.690684906039E9">
    <failure type="org.testng.TestNGException" message="
Can inject only one of &amp;lt;ITestContext, XmlTest, Method, Object[], ITestResult&amp;gt; into a @BeforeMethod annotated InvokeBrowser.
For more information on native dependency injection please refer to https://testng.org/doc/documentation-main.html#native-dependency-injection">
      <![CDATA[org.testng.TestNGException: 
Can inject only one of <ITestContext, XmlTest, Method, Object[], ITestResult> into a @BeforeMethod annotated InvokeBrowser.
For more information on native dependency injection please refer to https://testng.org/doc/documentation-main.html#native-dependency-injection
at java.base/java.util.ArrayList.forEach(ArrayList.java:1511)
... Removed 28 stack frames]]>
    </failure>
  </testcase> <!-- @BeforeMethod InvokeBrowser -->
  <testcase classname="org.testing.Base.Base" name="@AfterMethod CloseBrowser" time="0.0">
    <skipped/>
  </testcase> <!-- @AfterMethod CloseBrowser -->
  <testcase classname="org.testing.TestScripts.TC1" name="Login" time="0.001">
    <skipped/>
  </testcase> <!-- Login -->
</testsuite> <!-- Test -->
